{"/Users/aadhilrizwan/Desktop/sd07_2025/artizana-backend/src/config/casbin.js": {"path":"/Users/aadhilrizwan/Desktop/sd07_2025/artizana-backend/src/config/casbin.js","statementMap":{"0":{"start":{"line":1,"column":24},"end":{"line":1,"column":41}},"1":{"start":{"line":2,"column":13},"end":{"line":2,"column":28}},"2":{"start":{"line":7,"column":2},"end":{"line":11,"column":3}},"3":{"start":{"line":8,"column":22},"end":{"line":8,"column":56}},"4":{"start":{"line":9,"column":23},"end":{"line":9,"column":57}},"5":{"start":{"line":10,"column":4},"end":{"line":10,"column":56}},"6":{"start":{"line":12,"column":2},"end":{"line":12,"column":18}},"7":{"start":{"line":15,"column":0},"end":{"line":15,"column":32}}},"fnMap":{"0":{"name":"initCasbin","decl":{"start":{"line":6,"column":15},"end":{"line":6,"column":25}},"loc":{"start":{"line":6,"column":28},"end":{"line":13,"column":1}},"line":6}},"branchMap":{"0":{"loc":{"start":{"line":7,"column":2},"end":{"line":11,"column":3}},"type":"if","locations":[{"start":{"line":7,"column":2},"end":{"line":11,"column":3}},{"start":{},"end":{}}],"line":7}},"s":{"0":1,"1":1,"2":2,"3":1,"4":1,"5":1,"6":2,"7":1},"f":{"0":2},"b":{"0":[1,1]},"_coverageSchema":"1a1c01bbd47fc00a2c39e90264f33305004495a9","hash":"b3664eeb61e870b7deff11b1ffeec7aaa6db4f46"}
,"/Users/aadhilrizwan/Desktop/sd07_2025/artizana-backend/src/models/User.js": {"path":"/Users/aadhilrizwan/Desktop/sd07_2025/artizana-backend/src/models/User.js","statementMap":{"0":{"start":{"line":1,"column":17},"end":{"line":1,"column":36}},"1":{"start":{"line":2,"column":15},"end":{"line":2,"column":34}},"2":{"start":{"line":4,"column":19},"end":{"line":11,"column":24}},"3":{"start":{"line":13,"column":0},"end":{"line":18,"column":3}},"4":{"start":{"line":14,"column":2},"end":{"line":16,"column":3}},"5":{"start":{"line":15,"column":4},"end":{"line":15,"column":57}},"6":{"start":{"line":17,"column":2},"end":{"line":17,"column":9}},"7":{"start":{"line":20,"column":0},"end":{"line":23,"column":2}},"8":{"start":{"line":21,"column":2},"end":{"line":21,"column":35}},"9":{"start":{"line":21,"column":22},"end":{"line":21,"column":35}},"10":{"start":{"line":22,"column":2},"end":{"line":22,"column":58}},"11":{"start":{"line":25,"column":0},"end":{"line":25,"column":52}}},"fnMap":{"0":{"name":"(anonymous_0)","decl":{"start":{"line":13,"column":23},"end":{"line":13,"column":24}},"loc":{"start":{"line":13,"column":44},"end":{"line":18,"column":1}},"line":13},"1":{"name":"(anonymous_1)","decl":{"start":{"line":20,"column":37},"end":{"line":20,"column":38}},"loc":{"start":{"line":20,"column":71},"end":{"line":23,"column":1}},"line":20}},"branchMap":{"0":{"loc":{"start":{"line":14,"column":2},"end":{"line":16,"column":3}},"type":"if","locations":[{"start":{"line":14,"column":2},"end":{"line":16,"column":3}},{"start":{},"end":{}}],"line":14},"1":{"loc":{"start":{"line":14,"column":6},"end":{"line":14,"column":50}},"type":"binary-expr","locations":[{"start":{"line":14,"column":6},"end":{"line":14,"column":33}},{"start":{"line":14,"column":37},"end":{"line":14,"column":50}}],"line":14},"2":{"loc":{"start":{"line":21,"column":2},"end":{"line":21,"column":35}},"type":"if","locations":[{"start":{"line":21,"column":2},"end":{"line":21,"column":35}},{"start":{},"end":{}}],"line":21}},"s":{"0":1,"1":1,"2":1,"3":1,"4":0,"5":0,"6":0,"7":1,"8":0,"9":0,"10":0,"11":1},"f":{"0":0,"1":0},"b":{"0":[0,0],"1":[0,0],"2":[0,0]},"_coverageSchema":"1a1c01bbd47fc00a2c39e90264f33305004495a9","hash":"c62877723dd9a15b32f701e93008ad2303b3d9ed"}
}
