{"/Users/aadhilrizwan/Desktop/sd07_2025/artizana-backend/src/config/casbin.js": {"path":"/Users/aadhilrizwan/Desktop/sd07_2025/artizana-backend/src/config/casbin.js","statementMap":{"0":{"start":{"line":1,"column":24},"end":{"line":1,"column":41}},"1":{"start":{"line":2,"column":13},"end":{"line":2,"column":28}},"2":{"start":{"line":7,"column":2},"end":{"line":11,"column":3}},"3":{"start":{"line":8,"column":22},"end":{"line":8,"column":56}},"4":{"start":{"line":9,"column":23},"end":{"line":9,"column":57}},"5":{"start":{"line":10,"column":4},"end":{"line":10,"column":56}},"6":{"start":{"line":12,"column":2},"end":{"line":12,"column":18}},"7":{"start":{"line":15,"column":0},"end":{"line":15,"column":32}}},"fnMap":{"0":{"name":"initCasbin","decl":{"start":{"line":6,"column":15},"end":{"line":6,"column":25}},"loc":{"start":{"line":6,"column":28},"end":{"line":13,"column":1}},"line":6}},"branchMap":{"0":{"loc":{"start":{"line":7,"column":2},"end":{"line":11,"column":3}},"type":"if","locations":[{"start":{"line":7,"column":2},"end":{"line":11,"column":3}},{"start":{},"end":{}}],"line":7}},"s":{"0":2,"1":2,"2":2,"3":1,"4":1,"5":1,"6":2,"7":2},"f":{"0":2},"b":{"0":[1,1]},"_coverageSchema":"1a1c01bbd47fc00a2c39e90264f33305004495a9","hash":"b3664eeb61e870b7deff11b1ffeec7aaa6db4f46"}
,"/Users/aadhilrizwan/Desktop/sd07_2025/artizana-backend/src/config/firebaseConfig.js": {"path":"/Users/aadhilrizwan/Desktop/sd07_2025/artizana-backend/src/config/firebaseConfig.js","statementMap":{"0":{"start":{"line":2,"column":26},"end":{"line":2,"column":49}},"1":{"start":{"line":3,"column":23},"end":{"line":3,"column":50}},"2":{"start":{"line":5,"column":23},"end":{"line":12,"column":1}},"3":{"start":{"line":15,"column":12},"end":{"line":15,"column":41}},"4":{"start":{"line":16,"column":16},"end":{"line":16,"column":31}},"5":{"start":{"line":18,"column":0},"end":{"line":18,"column":29}}},"fnMap":{},"branchMap":{},"s":{"0":2,"1":2,"2":2,"3":2,"4":2,"5":2},"f":{},"b":{},"_coverageSchema":"1a1c01bbd47fc00a2c39e90264f33305004495a9","hash":"7f3327bb5cb81888cb120416f96d6cdb1a224ea3"}
,"/Users/aadhilrizwan/Desktop/sd07_2025/artizana-backend/src/config/passport.js": {"path":"/Users/aadhilrizwan/Desktop/sd07_2025/artizana-backend/src/config/passport.js","statementMap":{"0":{"start":{"line":1,"column":17},"end":{"line":1,"column":36}},"1":{"start":{"line":2,"column":23},"end":{"line":2,"column":66}},"2":{"start":{"line":3,"column":13},"end":{"line":3,"column":38}},"3":{"start":{"line":5,"column":0},"end":{"line":5,"column":87}},"4":{"start":{"line":7,"column":0},"end":{"line":33,"column":4}},"5":{"start":{"line":13,"column":2},"end":{"line":32,"column":30}},"6":{"start":{"line":14,"column":15},"end":{"line":14,"column":59}},"7":{"start":{"line":15,"column":4},"end":{"line":22,"column":5}},"8":{"start":{"line":16,"column":6},"end":{"line":16,"column":68}},"9":{"start":{"line":17,"column":6},"end":{"line":21,"column":7}},"10":{"start":{"line":18,"column":8},"end":{"line":18,"column":35}},"11":{"start":{"line":19,"column":8},"end":{"line":19,"column":26}},"12":{"start":{"line":20,"column":8},"end":{"line":20,"column":32}},"13":{"start":{"line":23,"column":4},"end":{"line":30,"column":5}},"14":{"start":{"line":24,"column":6},"end":{"line":29,"column":9}},"15":{"start":{"line":31,"column":4},"end":{"line":31,"column":21}},"16":{"start":{"line":32,"column":18},"end":{"line":32,"column":28}},"17":{"start":{"line":35,"column":0},"end":{"line":35,"column":61}},"18":{"start":{"line":35,"column":39},"end":{"line":35,"column":59}},"19":{"start":{"line":36,"column":0},"end":{"line":39,"column":3}},"20":{"start":{"line":37,"column":2},"end":{"line":38,"column":28}},"21":{"start":{"line":37,"column":8},"end":{"line":37,"column":44}},"22":{"start":{"line":38,"column":16},"end":{"line":38,"column":26}},"23":{"start":{"line":41,"column":0},"end":{"line":41,"column":26}}},"fnMap":{"0":{"name":"(anonymous_0)","decl":{"start":{"line":12,"column":3},"end":{"line":12,"column":4}},"loc":{"start":{"line":12,"column":55},"end":{"line":33,"column":1}},"line":12},"1":{"name":"(anonymous_1)","decl":{"start":{"line":35,"column":23},"end":{"line":35,"column":24}},"loc":{"start":{"line":35,"column":39},"end":{"line":35,"column":59}},"line":35},"2":{"name":"(anonymous_2)","decl":{"start":{"line":36,"column":25},"end":{"line":36,"column":26}},"loc":{"start":{"line":36,"column":45},"end":{"line":39,"column":1}},"line":36}},"branchMap":{"0":{"loc":{"start":{"line":5,"column":40},"end":{"line":5,"column":85}},"type":"cond-expr","locations":[{"start":{"line":5,"column":73},"end":{"line":5,"column":78}},{"start":{"line":5,"column":81},"end":{"line":5,"column":85}}],"line":5},"1":{"loc":{"start":{"line":15,"column":4},"end":{"line":22,"column":5}},"type":"if","locations":[{"start":{"line":15,"column":4},"end":{"line":22,"column":5}},{"start":{},"end":{}}],"line":15},"2":{"loc":{"start":{"line":17,"column":6},"end":{"line":21,"column":7}},"type":"if","locations":[{"start":{"line":17,"column":6},"end":{"line":21,"column":7}},{"start":{},"end":{}}],"line":17},"3":{"loc":{"start":{"line":23,"column":4},"end":{"line":30,"column":5}},"type":"if","locations":[{"start":{"line":23,"column":4},"end":{"line":30,"column":5}},{"start":{},"end":{}}],"line":23}},"s":{"0":4,"1":4,"2":4,"3":4,"4":4,"5":2,"6":2,"7":2,"8":2,"9":2,"10":1,"11":1,"12":1,"13":1,"14":1,"15":1,"16":0,"17":4,"18":0,"19":4,"20":0,"21":0,"22":0,"23":4},"f":{"0":2,"1":0,"2":0},"b":{"0":[4,0],"1":[2,0],"2":[1,1],"3":[1,0]},"_coverageSchema":"1a1c01bbd47fc00a2c39e90264f33305004495a9","hash":"85512fe0f83afb5802dbeb755b20986f301ad663"}
,"/Users/aadhilrizwan/Desktop/sd07_2025/artizana-backend/src/models/NGOApplication.js": {"path":"/Users/aadhilrizwan/Desktop/sd07_2025/artizana-backend/src/models/NGOApplication.js","statementMap":{"0":{"start":{"line":2,"column":17},"end":{"line":2,"column":36}},"1":{"start":{"line":4,"column":29},"end":{"line":23,"column":2}},"2":{"start":{"line":25,"column":0},"end":{"line":25,"column":72}}},"fnMap":{},"branchMap":{},"s":{"0":2,"1":2,"2":2},"f":{},"b":{},"_coverageSchema":"1a1c01bbd47fc00a2c39e90264f33305004495a9","hash":"111e12c6799a3760fb0b98b7dfb2248da1894bff"}
,"/Users/aadhilrizwan/Desktop/sd07_2025/artizana-backend/src/models/User.js": {"path":"/Users/aadhilrizwan/Desktop/sd07_2025/artizana-backend/src/models/User.js","statementMap":{"0":{"start":{"line":1,"column":17},"end":{"line":1,"column":36}},"1":{"start":{"line":2,"column":15},"end":{"line":2,"column":34}},"2":{"start":{"line":4,"column":19},"end":{"line":11,"column":24}},"3":{"start":{"line":13,"column":0},"end":{"line":18,"column":3}},"4":{"start":{"line":14,"column":2},"end":{"line":16,"column":3}},"5":{"start":{"line":15,"column":4},"end":{"line":15,"column":57}},"6":{"start":{"line":17,"column":2},"end":{"line":17,"column":9}},"7":{"start":{"line":20,"column":0},"end":{"line":23,"column":2}},"8":{"start":{"line":21,"column":2},"end":{"line":21,"column":35}},"9":{"start":{"line":21,"column":22},"end":{"line":21,"column":35}},"10":{"start":{"line":22,"column":2},"end":{"line":22,"column":58}},"11":{"start":{"line":25,"column":0},"end":{"line":25,"column":52}}},"fnMap":{"0":{"name":"(anonymous_0)","decl":{"start":{"line":13,"column":23},"end":{"line":13,"column":24}},"loc":{"start":{"line":13,"column":44},"end":{"line":18,"column":1}},"line":13},"1":{"name":"(anonymous_1)","decl":{"start":{"line":20,"column":37},"end":{"line":20,"column":38}},"loc":{"start":{"line":20,"column":71},"end":{"line":23,"column":1}},"line":20}},"branchMap":{"0":{"loc":{"start":{"line":14,"column":2},"end":{"line":16,"column":3}},"type":"if","locations":[{"start":{"line":14,"column":2},"end":{"line":16,"column":3}},{"start":{},"end":{}}],"line":14},"1":{"loc":{"start":{"line":14,"column":6},"end":{"line":14,"column":50}},"type":"binary-expr","locations":[{"start":{"line":14,"column":6},"end":{"line":14,"column":33}},{"start":{"line":14,"column":37},"end":{"line":14,"column":50}}],"line":14},"2":{"loc":{"start":{"line":21,"column":2},"end":{"line":21,"column":35}},"type":"if","locations":[{"start":{"line":21,"column":2},"end":{"line":21,"column":35}},{"start":{},"end":{}}],"line":21}},"s":{"0":4,"1":4,"2":4,"3":4,"4":0,"5":0,"6":0,"7":4,"8":0,"9":0,"10":0,"11":4},"f":{"0":0,"1":0},"b":{"0":[0,0],"1":[0,0],"2":[0,0]},"_coverageSchema":"1a1c01bbd47fc00a2c39e90264f33305004495a9","hash":"c62877723dd9a15b32f701e93008ad2303b3d9ed"}
,"/Users/aadhilrizwan/Desktop/sd07_2025/artizana-backend/src/routes/auth.js": {"path":"/Users/aadhilrizwan/Desktop/sd07_2025/artizana-backend/src/routes/auth.js","statementMap":{"0":{"start":{"line":1,"column":16},"end":{"line":1,"column":34}},"1":{"start":{"line":2,"column":17},"end":{"line":2,"column":46}},"2":{"start":{"line":3,"column":15},"end":{"line":3,"column":31}},"3":{"start":{"line":4,"column":12},"end":{"line":4,"column":35}},"4":{"start":{"line":5,"column":14},"end":{"line":5,"column":30}},"5":{"start":{"line":6,"column":25},"end":{"line":6,"column":55}},"6":{"start":{"line":7,"column":13},"end":{"line":7,"column":38}},"7":{"start":{"line":8,"column":15},"end":{"line":8,"column":33}},"8":{"start":{"line":10,"column":21},"end":{"line":10,"column":72}},"9":{"start":{"line":18,"column":24},"end":{"line":57,"column":1}},"10":{"start":{"line":19,"column":2},"end":{"line":56,"column":3}},"11":{"start":{"line":20,"column":44},"end":{"line":20,"column":52}},"12":{"start":{"line":22,"column":4},"end":{"line":24,"column":5}},"13":{"start":{"line":23,"column":6},"end":{"line":23,"column":72}},"14":{"start":{"line":26,"column":25},"end":{"line":26,"column":54}},"15":{"start":{"line":27,"column":4},"end":{"line":29,"column":5}},"16":{"start":{"line":28,"column":6},"end":{"line":28,"column":69}},"17":{"start":{"line":31,"column":17},"end":{"line":36,"column":6}},"18":{"start":{"line":38,"column":18},"end":{"line":42,"column":5}},"19":{"start":{"line":44,"column":4},"end":{"line":52,"column":7}},"20":{"start":{"line":54,"column":4},"end":{"line":54,"column":46}},"21":{"start":{"line":55,"column":4},"end":{"line":55,"column":59}},"22":{"start":{"line":64,"column":21},"end":{"line":108,"column":1}},"23":{"start":{"line":65,"column":30},"end":{"line":65,"column":38}},"24":{"start":{"line":68,"column":2},"end":{"line":70,"column":3}},"25":{"start":{"line":69,"column":4},"end":{"line":69,"column":78}},"26":{"start":{"line":72,"column":2},"end":{"line":107,"column":3}},"27":{"start":{"line":74,"column":17},"end":{"line":74,"column":67}},"28":{"start":{"line":75,"column":4},"end":{"line":78,"column":5}},"29":{"start":{"line":77,"column":6},"end":{"line":77,"column":74}},"30":{"start":{"line":81,"column":20},"end":{"line":81,"column":56}},"31":{"start":{"line":82,"column":4},"end":{"line":84,"column":5}},"32":{"start":{"line":83,"column":6},"end":{"line":83,"column":74}},"33":{"start":{"line":87,"column":18},"end":{"line":91,"column":5}},"34":{"start":{"line":94,"column":4},"end":{"line":103,"column":7}},"35":{"start":{"line":105,"column":4},"end":{"line":105,"column":39}},"36":{"start":{"line":106,"column":4},"end":{"line":106,"column":59}},"37":{"start":{"line":111,"column":0},"end":{"line":117,"column":2}},"38":{"start":{"line":119,"column":0},"end":{"line":136,"column":2}},"39":{"start":{"line":123,"column":18},"end":{"line":127,"column":5}},"40":{"start":{"line":129,"column":23},"end":{"line":131,"column":57}},"41":{"start":{"line":133,"column":4},"end":{"line":133,"column":59}},"42":{"start":{"line":134,"column":4},"end":{"line":134,"column":29}},"43":{"start":{"line":144,"column":0},"end":{"line":210,"column":3}},"44":{"start":{"line":145,"column":2},"end":{"line":209,"column":3}},"45":{"start":{"line":146,"column":24},"end":{"line":146,"column":32}},"46":{"start":{"line":147,"column":4},"end":{"line":147,"column":78}},"47":{"start":{"line":147,"column":18},"end":{"line":147,"column":78}},"48":{"start":{"line":149,"column":4},"end":{"line":149,"column":61}},"49":{"start":{"line":150,"column":4},"end":{"line":150,"column":80}},"50":{"start":{"line":154,"column":19},"end":{"line":159,"column":6}},"51":{"start":{"line":160,"column":20},"end":{"line":160,"column":39}},"52":{"start":{"line":163,"column":42},"end":{"line":163,"column":49}},"53":{"start":{"line":165,"column":4},"end":{"line":165,"column":87}},"54":{"start":{"line":165,"column":16},"end":{"line":165,"column":87}},"55":{"start":{"line":167,"column":15},"end":{"line":167,"column":44}},"56":{"start":{"line":169,"column":4},"end":{"line":185,"column":5}},"57":{"start":{"line":171,"column":6},"end":{"line":175,"column":7}},"58":{"start":{"line":172,"column":8},"end":{"line":172,"column":28}},"59":{"start":{"line":173,"column":8},"end":{"line":173,"column":71}},"60":{"start":{"line":173,"column":43},"end":{"line":173,"column":71}},"61":{"start":{"line":174,"column":8},"end":{"line":174,"column":26}},"62":{"start":{"line":178,"column":6},"end":{"line":184,"column":9}},"63":{"start":{"line":188,"column":18},"end":{"line":192,"column":5}},"64":{"start":{"line":194,"column":4},"end":{"line":204,"column":7}},"65":{"start":{"line":206,"column":4},"end":{"line":206,"column":57}},"66":{"start":{"line":207,"column":4},"end":{"line":207,"column":38}},"67":{"start":{"line":208,"column":4},"end":{"line":208,"column":75}},"68":{"start":{"line":213,"column":0},"end":{"line":251,"column":3}},"69":{"start":{"line":214,"column":2},"end":{"line":250,"column":3}},"70":{"start":{"line":215,"column":18},"end":{"line":215,"column":58}},"71":{"start":{"line":216,"column":4},"end":{"line":216,"column":76}},"72":{"start":{"line":216,"column":16},"end":{"line":216,"column":76}},"73":{"start":{"line":218,"column":20},"end":{"line":218,"column":61}},"74":{"start":{"line":219,"column":17},"end":{"line":219,"column":48}},"75":{"start":{"line":221,"column":4},"end":{"line":221,"column":72}},"76":{"start":{"line":221,"column":15},"end":{"line":221,"column":72}},"77":{"start":{"line":223,"column":21},"end":{"line":223,"column":29}},"78":{"start":{"line":224,"column":4},"end":{"line":226,"column":5}},"79":{"start":{"line":225,"column":6},"end":{"line":225,"column":61}},"80":{"start":{"line":228,"column":4},"end":{"line":228,"column":21}},"81":{"start":{"line":229,"column":4},"end":{"line":229,"column":22}},"82":{"start":{"line":232,"column":21},"end":{"line":236,"column":5}},"83":{"start":{"line":238,"column":4},"end":{"line":246,"column":7}},"84":{"start":{"line":248,"column":4},"end":{"line":248,"column":45}},"85":{"start":{"line":249,"column":4},"end":{"line":249,"column":61}},"86":{"start":{"line":254,"column":0},"end":{"line":254,"column":42}},"87":{"start":{"line":255,"column":0},"end":{"line":255,"column":36}},"88":{"start":{"line":258,"column":0},"end":{"line":258,"column":59}}},"fnMap":{"0":{"name":"(anonymous_0)","decl":{"start":{"line":18,"column":24},"end":{"line":18,"column":25}},"loc":{"start":{"line":18,"column":44},"end":{"line":57,"column":1}},"line":18},"1":{"name":"(anonymous_1)","decl":{"start":{"line":64,"column":21},"end":{"line":64,"column":22}},"loc":{"start":{"line":64,"column":41},"end":{"line":108,"column":1}},"line":64},"2":{"name":"(anonymous_2)","decl":{"start":{"line":122,"column":2},"end":{"line":122,"column":3}},"loc":{"start":{"line":122,"column":16},"end":{"line":135,"column":3}},"line":122},"3":{"name":"(anonymous_3)","decl":{"start":{"line":144,"column":27},"end":{"line":144,"column":28}},"loc":{"start":{"line":144,"column":47},"end":{"line":210,"column":1}},"line":144},"4":{"name":"(anonymous_4)","decl":{"start":{"line":213,"column":27},"end":{"line":213,"column":28}},"loc":{"start":{"line":213,"column":47},"end":{"line":251,"column":1}},"line":213}},"branchMap":{"0":{"loc":{"start":{"line":10,"column":21},"end":{"line":10,"column":72}},"type":"binary-expr","locations":[{"start":{"line":10,"column":21},"end":{"line":10,"column":45}},{"start":{"line":10,"column":49},"end":{"line":10,"column":72}}],"line":10},"1":{"loc":{"start":{"line":22,"column":4},"end":{"line":24,"column":5}},"type":"if","locations":[{"start":{"line":22,"column":4},"end":{"line":24,"column":5}},{"start":{},"end":{}}],"line":22},"2":{"loc":{"start":{"line":22,"column":8},"end":{"line":22,"column":45}},"type":"binary-expr","locations":[{"start":{"line":22,"column":8},"end":{"line":22,"column":13}},{"start":{"line":22,"column":17},"end":{"line":22,"column":23}},{"start":{"line":22,"column":27},"end":{"line":22,"column":36}},{"start":{"line":22,"column":40},"end":{"line":22,"column":45}}],"line":22},"3":{"loc":{"start":{"line":27,"column":4},"end":{"line":29,"column":5}},"type":"if","locations":[{"start":{"line":27,"column":4},"end":{"line":29,"column":5}},{"start":{},"end":{}}],"line":27},"4":{"loc":{"start":{"line":68,"column":2},"end":{"line":70,"column":3}},"type":"if","locations":[{"start":{"line":68,"column":2},"end":{"line":70,"column":3}},{"start":{},"end":{}}],"line":68},"5":{"loc":{"start":{"line":68,"column":6},"end":{"line":68,"column":25}},"type":"binary-expr","locations":[{"start":{"line":68,"column":6},"end":{"line":68,"column":12}},{"start":{"line":68,"column":16},"end":{"line":68,"column":25}}],"line":68},"6":{"loc":{"start":{"line":75,"column":4},"end":{"line":78,"column":5}},"type":"if","locations":[{"start":{"line":75,"column":4},"end":{"line":78,"column":5}},{"start":{},"end":{}}],"line":75},"7":{"loc":{"start":{"line":82,"column":4},"end":{"line":84,"column":5}},"type":"if","locations":[{"start":{"line":82,"column":4},"end":{"line":84,"column":5}},{"start":{},"end":{}}],"line":82},"8":{"loc":{"start":{"line":129,"column":23},"end":{"line":131,"column":57}},"type":"cond-expr","locations":[{"start":{"line":130,"column":8},"end":{"line":130,"column":111}},{"start":{"line":131,"column":8},"end":{"line":131,"column":57}}],"line":129},"9":{"loc":{"start":{"line":130,"column":27},"end":{"line":130,"column":94}},"type":"cond-expr","locations":[{"start":{"line":130,"column":55},"end":{"line":130,"column":72}},{"start":{"line":130,"column":75},"end":{"line":130,"column":94}}],"line":130},"10":{"loc":{"start":{"line":147,"column":4},"end":{"line":147,"column":78}},"type":"if","locations":[{"start":{"line":147,"column":4},"end":{"line":147,"column":78}},{"start":{},"end":{}}],"line":147},"11":{"loc":{"start":{"line":165,"column":4},"end":{"line":165,"column":87}},"type":"if","locations":[{"start":{"line":165,"column":4},"end":{"line":165,"column":87}},{"start":{},"end":{}}],"line":165},"12":{"loc":{"start":{"line":169,"column":4},"end":{"line":185,"column":5}},"type":"if","locations":[{"start":{"line":169,"column":4},"end":{"line":185,"column":5}},{"start":{"line":176,"column":11},"end":{"line":185,"column":5}}],"line":169},"13":{"loc":{"start":{"line":171,"column":6},"end":{"line":175,"column":7}},"type":"if","locations":[{"start":{"line":171,"column":6},"end":{"line":175,"column":7}},{"start":{},"end":{}}],"line":171},"14":{"loc":{"start":{"line":173,"column":8},"end":{"line":173,"column":71}},"type":"if","locations":[{"start":{"line":173,"column":8},"end":{"line":173,"column":71}},{"start":{},"end":{}}],"line":173},"15":{"loc":{"start":{"line":173,"column":12},"end":{"line":173,"column":41}},"type":"binary-expr","locations":[{"start":{"line":173,"column":12},"end":{"line":173,"column":30}},{"start":{"line":173,"column":34},"end":{"line":173,"column":41}}],"line":173},"16":{"loc":{"start":{"line":179,"column":14},"end":{"line":179,"column":35}},"type":"binary-expr","locations":[{"start":{"line":179,"column":14},"end":{"line":179,"column":18}},{"start":{"line":179,"column":22},"end":{"line":179,"column":35}}],"line":179},"17":{"loc":{"start":{"line":216,"column":4},"end":{"line":216,"column":76}},"type":"if","locations":[{"start":{"line":216,"column":4},"end":{"line":216,"column":76}},{"start":{},"end":{}}],"line":216},"18":{"loc":{"start":{"line":221,"column":4},"end":{"line":221,"column":72}},"type":"if","locations":[{"start":{"line":221,"column":4},"end":{"line":221,"column":72}},{"start":{},"end":{}}],"line":221},"19":{"loc":{"start":{"line":224,"column":4},"end":{"line":226,"column":5}},"type":"if","locations":[{"start":{"line":224,"column":4},"end":{"line":226,"column":5}},{"start":{},"end":{}}],"line":224}},"s":{"0":3,"1":3,"2":3,"3":3,"4":3,"5":3,"6":3,"7":3,"8":3,"9":3,"10":2,"11":2,"12":2,"13":0,"14":2,"15":2,"16":0,"17":2,"18":2,"19":2,"20":0,"21":0,"22":3,"23":2,"24":2,"25":0,"26":2,"27":2,"28":2,"29":0,"30":2,"31":2,"32":0,"33":2,"34":2,"35":0,"36":0,"37":3,"38":3,"39":0,"40":0,"41":0,"42":0,"43":3,"44":3,"45":3,"46":3,"47":1,"48":2,"49":2,"50":2,"51":2,"52":2,"53":2,"54":0,"55":2,"56":2,"57":1,"58":0,"59":0,"60":0,"61":0,"62":1,"63":2,"64":2,"65":0,"66":0,"67":0,"68":3,"69":0,"70":0,"71":0,"72":0,"73":0,"74":0,"75":0,"76":0,"77":0,"78":0,"79":0,"80":0,"81":0,"82":0,"83":0,"84":0,"85":0,"86":3,"87":3,"88":3},"f":{"0":2,"1":2,"2":0,"3":3,"4":0},"b":{"0":[3,3],"1":[0,2],"2":[2,2,2,2],"3":[0,2],"4":[0,2],"5":[2,2],"6":[0,2],"7":[0,2],"8":[0,0],"9":[0,0],"10":[1,2],"11":[0,2],"12":[1,1],"13":[0,1],"14":[0,0],"15":[0,0],"16":[1,0],"17":[0,0],"18":[0,0],"19":[0,0]},"_coverageSchema":"1a1c01bbd47fc00a2c39e90264f33305004495a9","hash":"1dc77e60d6483cad0f0fcf0bc3911e06bf559b50"}
,"/Users/aadhilrizwan/Desktop/sd07_2025/artizana-backend/src/routes/ngoApplication.js": {"path":"/Users/aadhilrizwan/Desktop/sd07_2025/artizana-backend/src/routes/ngoApplication.js","statementMap":{"0":{"start":{"line":2,"column":16},"end":{"line":2,"column":34}},"1":{"start":{"line":3,"column":15},"end":{"line":3,"column":32}},"2":{"start":{"line":4,"column":23},"end":{"line":4,"column":58}},"3":{"start":{"line":5,"column":33},"end":{"line":5,"column":69}},"4":{"start":{"line":7,"column":15},"end":{"line":7,"column":31}},"5":{"start":{"line":8,"column":15},"end":{"line":8,"column":58}},"6":{"start":{"line":11,"column":24},"end":{"line":109,"column":1}},"7":{"start":{"line":12,"column":2},"end":{"line":108,"column":3}},"8":{"start":{"line":21,"column":8},"end":{"line":21,"column":16}},"9":{"start":{"line":23,"column":28},"end":{"line":23,"column":57}},"10":{"start":{"line":24,"column":22},"end":{"line":24,"column":45}},"11":{"start":{"line":25,"column":21},"end":{"line":25,"column":43}},"12":{"start":{"line":28,"column":4},"end":{"line":42,"column":5}},"13":{"start":{"line":39,"column":6},"end":{"line":41,"column":9}},"14":{"start":{"line":44,"column":4},"end":{"line":48,"column":5}},"15":{"start":{"line":45,"column":6},"end":{"line":47,"column":9}},"16":{"start":{"line":50,"column":21},"end":{"line":50,"column":36}},"17":{"start":{"line":51,"column":4},"end":{"line":59,"column":5}},"18":{"start":{"line":56,"column":6},"end":{"line":58,"column":9}},"19":{"start":{"line":62,"column":27},"end":{"line":66,"column":5}},"20":{"start":{"line":67,"column":21},"end":{"line":71,"column":5}},"21":{"start":{"line":73,"column":18},"end":{"line":73,"column":22}},"22":{"start":{"line":74,"column":4},"end":{"line":80,"column":5}},"23":{"start":{"line":75,"column":6},"end":{"line":79,"column":8}},"24":{"start":{"line":83,"column":24},"end":{"line":96,"column":6}},"25":{"start":{"line":98,"column":4},"end":{"line":98,"column":29}},"26":{"start":{"line":100,"column":4},"end":{"line":104,"column":7}},"27":{"start":{"line":106,"column":4},"end":{"line":106,"column":51}},"28":{"start":{"line":107,"column":4},"end":{"line":107,"column":68}},"29":{"start":{"line":112,"column":0},"end":{"line":120,"column":2}},"30":{"start":{"line":123,"column":0},"end":{"line":123,"column":24}},"31":{"start":{"line":124,"column":0},"end":{"line":124,"column":49}}},"fnMap":{"0":{"name":"(anonymous_0)","decl":{"start":{"line":11,"column":24},"end":{"line":11,"column":25}},"loc":{"start":{"line":11,"column":44},"end":{"line":109,"column":1}},"line":11}},"branchMap":{"0":{"loc":{"start":{"line":28,"column":4},"end":{"line":42,"column":5}},"type":"if","locations":[{"start":{"line":28,"column":4},"end":{"line":42,"column":5}},{"start":{},"end":{}}],"line":28},"1":{"loc":{"start":{"line":29,"column":6},"end":{"line":37,"column":16}},"type":"binary-expr","locations":[{"start":{"line":29,"column":6},"end":{"line":29,"column":23}},{"start":{"line":30,"column":6},"end":{"line":30,"column":25}},{"start":{"line":31,"column":6},"end":{"line":31,"column":18}},{"start":{"line":32,"column":6},"end":{"line":32,"column":19}},{"start":{"line":33,"column":6},"end":{"line":33,"column":19}},{"start":{"line":34,"column":6},"end":{"line":34,"column":14}},{"start":{"line":35,"column":6},"end":{"line":35,"column":14}},{"start":{"line":36,"column":6},"end":{"line":36,"column":22}},{"start":{"line":37,"column":6},"end":{"line":37,"column":16}}],"line":29},"2":{"loc":{"start":{"line":44,"column":4},"end":{"line":48,"column":5}},"type":"if","locations":[{"start":{"line":44,"column":4},"end":{"line":48,"column":5}},{"start":{},"end":{}}],"line":44},"3":{"loc":{"start":{"line":51,"column":4},"end":{"line":59,"column":5}},"type":"if","locations":[{"start":{"line":51,"column":4},"end":{"line":59,"column":5}},{"start":{},"end":{}}],"line":51},"4":{"loc":{"start":{"line":52,"column":6},"end":{"line":54,"column":44}},"type":"binary-expr","locations":[{"start":{"line":52,"column":6},"end":{"line":52,"column":37}},{"start":{"line":53,"column":6},"end":{"line":53,"column":31}},{"start":{"line":54,"column":7},"end":{"line":54,"column":15}},{"start":{"line":54,"column":19},"end":{"line":54,"column":43}}],"line":52},"5":{"loc":{"start":{"line":74,"column":4},"end":{"line":80,"column":5}},"type":"if","locations":[{"start":{"line":74,"column":4},"end":{"line":80,"column":5}},{"start":{},"end":{}}],"line":74}},"s":{"0":2,"1":2,"2":2,"3":2,"4":2,"5":2,"6":2,"7":6,"8":6,"9":6,"10":6,"11":6,"12":6,"13":2,"14":4,"15":1,"16":3,"17":3,"18":1,"19":2,"20":2,"21":2,"22":2,"23":2,"24":2,"25":2,"26":2,"27":0,"28":0,"29":2,"30":2,"31":2},"f":{"0":6},"b":{"0":[2,4],"1":[6,5,5,5,5,5,5,5,4],"2":[1,3],"3":[1,2],"4":[3,2,2,2],"5":[2,0]},"_coverageSchema":"1a1c01bbd47fc00a2c39e90264f33305004495a9","hash":"77d396af85e3bf4c19fc33d5b4fa8986c490a77e"}
,"/Users/aadhilrizwan/Desktop/sd07_2025/artizana-backend/src/utils/uploadToFirebase.js": {"path":"/Users/aadhilrizwan/Desktop/sd07_2025/artizana-backend/src/utils/uploadToFirebase.js","statementMap":{"0":{"start":{"line":2,"column":45},"end":{"line":2,"column":72}},"1":{"start":{"line":3,"column":20},"end":{"line":3,"column":55}},"2":{"start":{"line":5,"column":29},"end":{"line":19,"column":1}},"3":{"start":{"line":6,"column":2},"end":{"line":18,"column":3}},"4":{"start":{"line":7,"column":20},"end":{"line":7,"column":73}},"5":{"start":{"line":8,"column":21},"end":{"line":8,"column":100}},"6":{"start":{"line":10,"column":23},"end":{"line":10,"column":45}},"7":{"start":{"line":11,"column":21},"end":{"line":11,"column":62}},"8":{"start":{"line":12,"column":24},"end":{"line":12,"column":58}},"9":{"start":{"line":14,"column":4},"end":{"line":14,"column":23}},"10":{"start":{"line":16,"column":4},"end":{"line":16,"column":52}},"11":{"start":{"line":17,"column":4},"end":{"line":17,"column":42}},"12":{"start":{"line":21,"column":0},"end":{"line":21,"column":42}}},"fnMap":{"0":{"name":"(anonymous_0)","decl":{"start":{"line":5,"column":29},"end":{"line":5,"column":30}},"loc":{"start":{"line":5,"column":91},"end":{"line":19,"column":1}},"line":5}},"branchMap":{"0":{"loc":{"start":{"line":5,"column":62},"end":{"line":5,"column":86}},"type":"default-arg","locations":[{"start":{"line":5,"column":71},"end":{"line":5,"column":86}}],"line":5},"1":{"loc":{"start":{"line":7,"column":20},"end":{"line":7,"column":73}},"type":"binary-expr","locations":[{"start":{"line":7,"column":20},"end":{"line":7,"column":64}},{"start":{"line":7,"column":68},"end":{"line":7,"column":73}}],"line":7}},"s":{"0":2,"1":2,"2":2,"3":0,"4":0,"5":0,"6":0,"7":0,"8":0,"9":0,"10":0,"11":0,"12":2},"f":{"0":0},"b":{"0":[0],"1":[0,0]},"_coverageSchema":"1a1c01bbd47fc00a2c39e90264f33305004495a9","hash":"4f85253d881c75ed25a018512a9db64fd63c8b77"}
}
