TN:
SF:src\config\casbin.js
FN:7,initCasbin
FNF:1
FNH:0
FNDA:0,initCasbin
DA:2,1
DA:3,1
DA:8,0
DA:9,0
DA:10,0
DA:11,0
DA:13,0
DA:16,1
LF:8
LH:3
BRDA:8,0,0,0
BRDA:8,0,1,0
BRF:2
BRH:0
end_of_record
TN:
SF:src\models\User.js
FN:32,(anonymous_0)
FN:39,(anonymous_1)
FNF:2
FNH:0
FNDA:0,(anonymous_0)
FNDA:0,(anonymous_1)
DA:1,1
DA:2,1
DA:4,1
DA:32,1
DA:33,0
DA:34,0
DA:35,0
DA:39,1
DA:40,0
DA:43,1
LF:10
LH:6
BRDA:33,0,0,0
BRDA:33,0,1,0
BRF:2
BRH:0
end_of_record
TN:
SF:src\routes\auth.js
FN:9,(anonymous_0)
FNF:1
FNH:1
FNDA:2,(anonymous_0)
DA:2,2
DA:3,2
DA:4,2
DA:5,2
DA:6,2
DA:9,2
DA:10,2
DA:11,2
DA:13,2
DA:14,0
DA:16,2
DA:17,0
DA:19,2
DA:20,0
DA:23,2
DA:24,2
DA:25,2
DA:27,2
DA:28,2
DA:30,2
DA:31,2
DA:32,2
DA:34,2
DA:36,2
DA:38,0
DA:43,2
DA:46,2
LF:27
LH:23
BRDA:13,0,0,0
BRDA:13,0,1,2
BRDA:13,1,0,2
BRDA:13,1,1,2
BRDA:13,1,2,2
BRDA:13,1,3,2
BRDA:16,2,0,0
BRDA:16,2,1,2
BRDA:19,3,0,0
BRDA:19,3,1,2
BRDA:25,4,0,0
BRDA:25,4,1,2
BRDA:32,5,0,0
BRDA:32,5,1,2
BRF:14
BRH:9
end_of_record
